<?xml version="1.0" encoding="UTF-8"?>
<!-- Generated by org.testng.reporters.JUnitReportReporter -->
<testsuite hostname="Atish" failures="0" tests="2" name="com.amazon.testcases.Tes" time="19.397" errors="0" timestamp="2024-04-12T16:38:08 IST" skipped="0">
  <testcase classname="com.amazon.testcases.Tes" name="m1" time="9.300"/>
  <system-out/>
  <testcase classname="com.amazon.testcases.Tes" name="m1" time="10.097"/>
  <system-out/>
</testsuite> <!-- com.amazon.testcases.Tes -->
