<?xml version="1.0" encoding="UTF-8"?>
<!-- Generated by org.testng.reporters.JUnitReportReporter -->
<testsuite hostname="Atish" failures="0" tests="1" name="com.amazon.testcases.Test" time="12.464" errors="0" timestamp="2024-04-03T19:40:26 IST" skipped="0">
  <testcase classname="com.amazon.testcases.Test" name="m2" time="12.464"/>
  <system-out/>
</testsuite> <!-- com.amazon.testcases.Test -->
